<?xml version="1.0" encoding="UTF-8"?>
<coverage generated="1784208908478" clover="3.2.0">
  <project timestamp="1784208908478" name="All files">
    <metrics statements="244" coveredstatements="171" conditionals="95" coveredconditionals="55" methods="50" coveredmethods="26" elements="389" coveredelements="252" complexity="0" loc="244" ncloc="244" packages="2" files="4" classes="4"/>
    <package name="src">
      <metrics statements="97" coveredstatements="42" conditionals="35" coveredconditionals="15" methods="18" coveredmethods="7"/>
      <file name="index.ts" path="/home/saitcho/zzyix/apps/server/src/index.ts">
        <metrics statements="97" coveredstatements="42" conditionals="35" coveredconditionals="15" methods="18" coveredmethods="7"/>
        <line num="29" count="1" type="stmt"/>
        <line num="31" count="1" type="stmt"/>
        <line num="33" count="3" type="stmt"/>
        <line num="35" count="1" type="stmt"/>
        <line num="36" count="26" type="cond" truecount="1" falsecount="1"/>
        <line num="37" count="0" type="stmt"/>
        <line num="39" count="26" type="cond" truecount="1" falsecount="1"/>
        <line num="40" count="26" type="stmt"/>
        <line num="42" count="0" type="cond" truecount="0" falsecount="2"/>
        <line num="43" count="0" type="stmt"/>
        <line num="45" count="0" type="stmt"/>
        <line num="48" count="1" type="stmt"/>
        <line num="51" count="29" type="stmt"/>
        <line num="62" count="1" type="stmt"/>
        <line num="63" count="0" type="stmt"/>
        <line num="64" count="0" type="cond" truecount="0" falsecount="2"/>
        <line num="65" count="0" type="stmt"/>
        <line num="68" count="0" type="stmt"/>
        <line num="69" count="0" type="stmt"/>
        <line num="70" count="0" type="stmt"/>
        <line num="73" count="1" type="stmt"/>
        <line num="74" count="59" type="stmt"/>
        <line num="75" count="59" type="stmt"/>
        <line num="78" count="1" type="stmt"/>
        <line num="87" count="56" type="stmt"/>
        <line num="88" count="56" type="stmt"/>
        <line num="90" count="56" type="cond" truecount="2" falsecount="0"/>
        <line num="91" count="26" type="stmt"/>
        <line num="101" count="30" type="stmt"/>
        <line num="107" count="30" type="stmt"/>
        <line num="108" count="30" type="stmt"/>
        <line num="110" count="30" type="stmt"/>
        <line num="123" count="1" type="stmt"/>
        <line num="132" count="3" type="stmt"/>
        <line num="134" count="3" type="cond" truecount="1" falsecount="1"/>
        <line num="135" count="0" type="stmt"/>
        <line num="141" count="3" type="stmt"/>
        <line num="142" count="3" type="cond" truecount="2" falsecount="0"/>
        <line num="143" count="1" type="stmt"/>
        <line num="149" count="2" type="stmt"/>
        <line num="150" count="2" type="stmt"/>
        <line num="152" count="2" type="stmt"/>
        <line num="164" count="1" type="cond" truecount="2" falsecount="0"/>
        <line num="165" count="1" type="cond" truecount="2" falsecount="0"/>
        <line num="169" count="1" type="stmt"/>
        <line num="170" count="1" type="stmt"/>
        <line num="172" count="1" type="stmt"/>
        <line num="175" count="1" type="stmt"/>
        <line num="176" count="0" type="stmt"/>
        <line num="181" count="1" type="stmt"/>
        <line num="194" count="1" type="stmt"/>
        <line num="195" count="0" type="stmt"/>
        <line num="197" count="0" type="cond" truecount="0" falsecount="4"/>
        <line num="198" count="0" type="stmt"/>
        <line num="202" count="0" type="stmt"/>
        <line num="203" count="0" type="stmt"/>
        <line num="205" count="0" type="stmt"/>
        <line num="207" count="0" type="stmt"/>
        <line num="212" count="1" type="stmt"/>
        <line num="213" count="0" type="stmt"/>
        <line num="214" count="0" type="stmt"/>
        <line num="215" count="0" type="stmt"/>
        <line num="218" count="0" type="stmt"/>
        <line num="219" count="0" type="stmt"/>
        <line num="224" count="0" type="stmt"/>
        <line num="228" count="0" type="stmt"/>
        <line num="233" count="0" type="stmt"/>
        <line num="242" count="0" type="stmt"/>
        <line num="243" count="0" type="stmt"/>
        <line num="244" count="0" type="stmt"/>
        <line num="245" count="0" type="stmt"/>
        <line num="248" count="0" type="cond" truecount="0" falsecount="2"/>
        <line num="249" count="0" type="stmt"/>
        <line num="253" count="0" type="stmt"/>
        <line num="254" count="0" type="stmt"/>
        <line num="255" count="0" type="stmt"/>
        <line num="256" count="0" type="stmt"/>
        <line num="259" count="0" type="cond" truecount="0" falsecount="2"/>
        <line num="260" count="0" type="stmt"/>
        <line num="264" count="0" type="stmt"/>
        <line num="265" count="0" type="stmt"/>
        <line num="266" count="0" type="stmt"/>
        <line num="267" count="0" type="cond" truecount="0" falsecount="2"/>
        <line num="268" count="0" type="stmt"/>
        <line num="272" count="0" type="stmt"/>
        <line num="280" count="0" type="stmt"/>
        <line num="281" count="0" type="stmt"/>
        <line num="282" count="0" type="stmt"/>
        <line num="283" count="0" type="stmt"/>
        <line num="289" count="1" type="stmt"/>
        <line num="290" count="0" type="stmt"/>
        <line num="291" count="0" type="stmt"/>
        <line num="292" count="0" type="stmt"/>
        <line num="293" count="0" type="stmt"/>
        <line num="299" count="1" type="cond" truecount="1" falsecount="1"/>
        <line num="300" count="0" type="stmt"/>
        <line num="301" count="0" type="stmt"/>
      </file>
    </package>
    <package name="src.domain">
      <metrics statements="147" coveredstatements="129" conditionals="60" coveredconditionals="40" methods="32" coveredmethods="19"/>
      <file name="math2d.ts" path="/home/saitcho/zzyix/apps/server/src/domain/math2d.ts">
        <metrics statements="28" coveredstatements="22" conditionals="4" coveredconditionals="1" methods="16" coveredmethods="7"/>
        <line num="3" count="2404" type="stmt"/>
        <line num="5" count="1" type="stmt"/>
        <line num="6" count="332" type="stmt"/>
        <line num="7" count="1" type="stmt"/>
        <line num="9" count="1770" type="stmt"/>
        <line num="10" count="242" type="stmt"/>
        <line num="11" count="1" type="stmt"/>
        <line num="13" count="1" type="stmt"/>
        <line num="14" count="210" type="stmt"/>
        <line num="15" count="210" type="cond" truecount="1" falsecount="1"/>
        <line num="16" count="210" type="stmt"/>
        <line num="19" count="210" type="stmt"/>
        <line num="21" count="1" type="stmt"/>
        <line num="22" count="672" type="stmt"/>
        <line num="23" count="672" type="stmt"/>
        <line num="24" count="672" type="stmt"/>
        <line num="27" count="1" type="stmt"/>
        <line num="29" count="1" type="stmt"/>
        <line num="31" count="1" type="stmt"/>
        <line num="32" count="0" type="stmt"/>
        <line num="34" count="1" type="stmt"/>
        <line num="35" count="0" type="stmt"/>
        <line num="36" count="0" type="cond" truecount="0" falsecount="2"/>
        <line num="37" count="0" type="stmt"/>
        <line num="40" count="1" type="stmt"/>
        <line num="42" count="1" type="stmt"/>
        <line num="43" count="0" type="stmt"/>
        <line num="44" count="0" type="stmt"/>
      </file>
      <file name="placementSolver.ts" path="/home/saitcho/zzyix/apps/server/src/domain/placementSolver.ts">
        <metrics statements="95" coveredstatements="87" conditionals="54" coveredconditionals="38" methods="7" coveredmethods="6"/>
        <line num="54" count="1" type="stmt"/>
        <line num="56" count="1" type="stmt"/>
        <line num="57" count="32" type="stmt"/>
        <line num="58" count="32" type="stmt"/>
        <line num="59" count="32" type="cond" truecount="1" falsecount="1"/>
        <line num="60" count="32" type="stmt"/>
        <line num="61" count="32" type="stmt"/>
        <line num="68" count="1" type="stmt"/>
        <line num="69" count="1" type="stmt"/>
        <line num="70" count="1" type="stmt"/>
        <line num="71" count="4" type="stmt"/>
        <line num="72" count="16" type="stmt"/>
        <line num="73" count="16" type="cond" truecount="2" falsecount="0"/>
        <line num="76" count="1" type="stmt"/>
        <line num="77" count="4" type="stmt"/>
        <line num="78" count="16" type="stmt"/>
        <line num="79" count="16" type="cond" truecount="1" falsecount="1"/>
        <line num="82" count="1" type="stmt"/>
        <line num="85" count="1" type="stmt"/>
        <line num="86" count="420" type="stmt"/>
        <line num="87" count="420" type="stmt"/>
        <line num="88" count="420" type="stmt"/>
        <line num="89" count="1260" type="stmt"/>
        <line num="90" count="1260" type="cond" truecount="2" falsecount="0"/>
        <line num="91" count="1260" type="cond" truecount="2" falsecount="0"/>
        <line num="93" count="420" type="stmt"/>
        <line num="96" count="1" type="stmt"/>
        <line num="97" count="27" type="stmt"/>
        <line num="98" count="27" type="stmt"/>
        <line num="99" count="27" type="stmt"/>
        <line num="101" count="27" type="stmt"/>
        <line num="102" count="53" type="stmt"/>
        <line num="103" count="210" type="stmt"/>
        <line num="104" count="210" type="stmt"/>
        <line num="105" count="210" type="stmt"/>
        <line num="106" count="210" type="stmt"/>
        <line num="108" count="210" type="stmt"/>
        <line num="109" count="210" type="stmt"/>
        <line num="110" count="210" type="stmt"/>
        <line num="112" count="210" type="cond" truecount="2" falsecount="0"/>
        <line num="113" count="1" type="stmt"/>
        <line num="120" count="209" type="cond" truecount="2" falsecount="0"/>
        <line num="121" count="27" type="stmt"/>
        <line num="122" count="27" type="stmt"/>
        <line num="127" count="26" type="stmt"/>
        <line num="134" count="1" type="stmt"/>
        <line num="135" count="56" type="stmt"/>
        <line num="136" count="56" type="stmt"/>
        <line num="137" count="56" type="stmt"/>
        <line num="138" count="56" type="stmt"/>
        <line num="140" count="56" type="stmt"/>
        <line num="141" count="224" type="cond" truecount="2" falsecount="0"/>
        <line num="142" count="224" type="cond" truecount="2" falsecount="0"/>
        <line num="143" count="224" type="cond" truecount="2" falsecount="0"/>
        <line num="144" count="224" type="cond" truecount="2" falsecount="0"/>
        <line num="147" count="56" type="stmt"/>
        <line num="152" count="56" type="cond" truecount="2" falsecount="0"/>
        <line num="155" count="1" type="stmt"/>
        <line num="161" count="56" type="stmt"/>
        <line num="163" count="56" type="stmt"/>
        <line num="164" count="56" type="cond" truecount="1" falsecount="1"/>
        <line num="165" count="0" type="stmt"/>
        <line num="166" count="0" type="stmt"/>
        <line num="175" count="56" type="stmt"/>
        <line num="176" count="56" type="stmt"/>
        <line num="178" count="56" type="stmt"/>
        <line num="179" count="27" type="stmt"/>
        <line num="180" count="27" type="stmt"/>
        <line num="181" count="27" type="stmt"/>
        <line num="182" count="27" type="stmt"/>
        <line num="183" count="27" type="cond" truecount="2" falsecount="0"/>
        <line num="184" count="26" type="stmt"/>
        <line num="185" count="26" type="cond" truecount="1" falsecount="1"/>
        <line num="186" count="26" type="stmt"/>
        <line num="187" count="26" type="cond" truecount="1" falsecount="1"/>
        <line num="188" count="26" type="stmt"/>
        <line num="189" count="26" type="stmt"/>
        <line num="196" count="56" type="cond" truecount="2" falsecount="0"/>
        <line num="197" count="26" type="stmt"/>
        <line num="208" count="30" type="cond" truecount="2" falsecount="0"/>
        <line num="209" count="1" type="stmt"/>
        <line num="211" count="1" type="stmt"/>
        <line num="212" count="1" type="stmt"/>
        <line num="213" count="1" type="stmt"/>
        <line num="214" count="1" type="cond" truecount="1" falsecount="1"/>
        <line num="217" count="1" type="cond" truecount="1" falsecount="1"/>
        <line num="218" count="0" type="stmt"/>
        <line num="228" count="30" type="stmt"/>
        <line num="237" count="1" type="stmt"/>
        <line num="246" count="0" type="stmt"/>
        <line num="252" count="0" type="stmt"/>
        <line num="253" count="0" type="stmt"/>
        <line num="254" count="0" type="stmt"/>
        <line num="256" count="0" type="stmt"/>
        <line num="266" count="1" type="stmt"/>
      </file>
      <file name="tileGeometry.ts" path="/home/saitcho/zzyix/apps/server/src/domain/tileGeometry.ts">
        <metrics statements="24" coveredstatements="20" conditionals="2" coveredconditionals="1" methods="9" coveredmethods="6"/>
        <line num="21" count="1" type="stmt"/>
        <line num="23" count="1" type="stmt"/>
        <line num="30" count="1" type="stmt"/>
        <line num="37" count="1" type="stmt"/>
        <line num="43" count="1" type="stmt"/>
        <line num="52" count="1" type="stmt"/>
        <line num="84" count="1" type="stmt"/>
        <line num="86" count="1" type="stmt"/>
        <line num="87" count="672" type="cond" truecount="1" falsecount="1"/>
        <line num="88" count="672" type="stmt"/>
        <line num="89" count="672" type="stmt"/>
        <line num="92" count="84" type="stmt"/>
        <line num="94" count="1" type="stmt"/>
        <line num="95" count="672" type="stmt"/>
        <line num="97" count="1" type="stmt"/>
        <line num="98" count="84" type="stmt"/>
        <line num="99" count="84" type="stmt"/>
        <line num="101" count="84" type="stmt"/>
        <line num="105" count="1" type="stmt"/>
        <line num="106" count="0" type="stmt"/>
        <line num="107" count="0" type="stmt"/>
        <line num="111" count="1" type="stmt"/>
        <line num="112" count="0" type="stmt"/>
        <line num="113" count="0" type="stmt"/>
      </file>
    </package>
  </project>
</coverage>
