<?xml version="1.0" encoding="UTF-8"?>
<coverage generated="1784213321652" clover="3.2.0">
  <project timestamp="1784213321652" name="All files">
    <metrics statements="311" coveredstatements="242" conditionals="141" coveredconditionals="103" methods="62" coveredmethods="39" elements="514" coveredelements="384" complexity="0" loc="311" ncloc="311" packages="2" files="4" classes="4"/>
    <package name="src">
      <metrics statements="164" coveredstatements="111" conditionals="81" coveredconditionals="59" methods="30" coveredmethods="20"/>
      <file name="index.ts" path="/home/saitcho/zzyix/apps/server/src/index.ts">
        <metrics statements="164" coveredstatements="111" conditionals="81" coveredconditionals="59" methods="30" coveredmethods="20"/>
        <line num="29" count="3" type="stmt"/>
        <line num="30" count="3" type="stmt"/>
        <line num="31" count="3" type="stmt"/>
        <line num="33" count="3" type="stmt"/>
        <line num="34" count="3" type="stmt"/>
        <line num="35" count="3" type="stmt"/>
        <line num="37" count="7" type="stmt"/>
        <line num="39" count="3" type="stmt"/>
        <line num="40" count="12" type="cond" truecount="2" falsecount="0"/>
        <line num="42" count="3" type="stmt"/>
        <line num="43" count="6" type="cond" truecount="2" falsecount="0"/>
        <line num="45" count="3" type="stmt"/>
        <line num="46" count="4" type="cond" truecount="2" falsecount="0"/>
        <line num="47" count="1" type="stmt"/>
        <line num="50" count="3" type="cond" truecount="2" falsecount="0"/>
        <line num="51" count="1" type="stmt"/>
        <line num="54" count="2" type="cond" truecount="1" falsecount="1"/>
        <line num="55" count="0" type="stmt"/>
        <line num="58" count="2" type="cond" truecount="1" falsecount="1"/>
        <line num="59" count="0" type="stmt"/>
        <line num="62" count="2" type="stmt"/>
        <line num="63" count="2" type="cond" truecount="1" falsecount="1"/>
        <line num="64" count="0" type="stmt"/>
        <line num="67" count="2" type="cond" truecount="1" falsecount="1"/>
        <line num="68" count="0" type="stmt"/>
        <line num="71" count="2" type="cond" truecount="2" falsecount="2"/>
        <line num="72" count="0" type="stmt"/>
        <line num="75" count="2" type="stmt"/>
        <line num="76" count="2" type="cond" truecount="1" falsecount="1"/>
        <line num="77" count="0" type="stmt"/>
        <line num="80" count="2" type="cond" truecount="2" falsecount="0"/>
        <line num="83" count="3" type="stmt"/>
        <line num="84" count="4" type="cond" truecount="2" falsecount="0"/>
        <line num="85" count="1" type="stmt"/>
        <line num="88" count="3" type="stmt"/>
        <line num="91" count="3" type="stmt"/>
        <line num="92" count="3" type="cond" truecount="2" falsecount="0"/>
        <line num="93" count="1" type="stmt"/>
        <line num="97" count="3" type="stmt"/>
        <line num="98" count="8" type="cond" truecount="2" falsecount="0"/>
        <line num="100" count="10" type="stmt"/>
        <line num="101" count="10" type="cond" truecount="2" falsecount="0"/>
        <line num="103" count="8" type="cond" truecount="2" falsecount="0"/>
        <line num="104" count="5" type="stmt"/>
        <line num="107" count="3" type="cond" truecount="2" falsecount="0"/>
        <line num="108" count="2" type="stmt"/>
        <line num="111" count="1" type="stmt"/>
        <line num="114" count="3" type="stmt"/>
        <line num="115" count="31" type="cond" truecount="2" falsecount="0"/>
        <line num="116" count="2" type="stmt"/>
        <line num="118" count="29" type="cond" truecount="2" falsecount="0"/>
        <line num="119" count="27" type="stmt"/>
        <line num="121" count="2" type="cond" truecount="2" falsecount="0"/>
        <line num="122" count="1" type="stmt"/>
        <line num="124" count="1" type="stmt"/>
        <line num="127" count="3" type="stmt"/>
        <line num="130" count="40" type="stmt"/>
        <line num="141" count="3" type="stmt"/>
        <line num="146" count="13" type="cond" truecount="2" falsecount="0"/>
        <line num="147" count="6" type="stmt"/>
        <line num="150" count="7" type="cond" truecount="2" falsecount="0"/>
        <line num="151" count="2" type="stmt"/>
        <line num="154" count="5" type="stmt"/>
        <line num="157" count="3" type="stmt"/>
        <line num="161" count="8" type="stmt"/>
        <line num="163" count="8" type="stmt"/>
        <line num="164" count="10" type="cond" truecount="2" falsecount="0"/>
        <line num="165" count="2" type="stmt"/>
        <line num="166" count="2" type="stmt"/>
        <line num="170" count="8" type="stmt"/>
        <line num="173" count="3" type="stmt"/>
        <line num="174" count="6" type="stmt"/>
        <line num="176" count="6" type="stmt"/>
        <line num="177" count="6" type="cond" truecount="2" falsecount="0"/>
        <line num="178" count="1" type="stmt"/>
        <line num="181" count="5" type="stmt"/>
        <line num="182" count="5" type="stmt"/>
        <line num="183" count="5" type="stmt"/>
        <line num="186" count="3" type="stmt"/>
        <line num="187" count="67" type="stmt"/>
        <line num="188" count="67" type="stmt"/>
        <line num="191" count="3" type="stmt"/>
        <line num="200" count="61" type="stmt"/>
        <line num="201" count="61" type="stmt"/>
        <line num="203" count="61" type="cond" truecount="2" falsecount="0"/>
        <line num="204" count="27" type="stmt"/>
        <line num="214" count="34" type="stmt"/>
        <line num="220" count="34" type="stmt"/>
        <line num="221" count="34" type="stmt"/>
        <line num="223" count="34" type="stmt"/>
        <line num="236" count="3" type="stmt"/>
        <line num="245" count="6" type="stmt"/>
        <line num="247" count="6" type="cond" truecount="2" falsecount="0"/>
        <line num="248" count="1" type="stmt"/>
        <line num="254" count="5" type="stmt"/>
        <line num="255" count="5" type="cond" truecount="2" falsecount="0"/>
        <line num="256" count="2" type="stmt"/>
        <line num="262" count="3" type="stmt"/>
        <line num="263" count="3" type="stmt"/>
        <line num="265" count="3" type="stmt"/>
        <line num="275" count="3" type="stmt"/>
        <line num="284" count="1" type="cond" truecount="1" falsecount="1"/>
        <line num="285" count="1" type="stmt"/>
        <line num="294" count="0" type="stmt"/>
        <line num="297" count="3" type="stmt"/>
        <line num="306" count="1" type="cond" truecount="1" falsecount="1"/>
        <line num="307" count="1" type="stmt"/>
        <line num="312" count="0" type="stmt"/>
        <line num="317" count="3" type="cond" truecount="2" falsecount="0"/>
        <line num="318" count="3" type="cond" truecount="2" falsecount="0"/>
        <line num="322" count="3" type="stmt"/>
        <line num="323" count="3" type="stmt"/>
        <line num="325" count="3" type="stmt"/>
        <line num="328" count="3" type="stmt"/>
        <line num="329" count="0" type="stmt"/>
        <line num="334" count="3" type="stmt"/>
        <line num="347" count="3" type="stmt"/>
        <line num="348" count="0" type="stmt"/>
        <line num="350" count="0" type="cond" truecount="0" falsecount="4"/>
        <line num="351" count="0" type="stmt"/>
        <line num="355" count="0" type="stmt"/>
        <line num="356" count="0" type="stmt"/>
        <line num="358" count="0" type="stmt"/>
        <line num="360" count="0" type="stmt"/>
        <line num="365" count="3" type="stmt"/>
        <line num="366" count="0" type="stmt"/>
        <line num="367" count="0" type="stmt"/>
        <line num="368" count="0" type="stmt"/>
        <line num="371" count="0" type="stmt"/>
        <line num="372" count="0" type="stmt"/>
        <line num="377" count="0" type="stmt"/>
        <line num="381" count="0" type="stmt"/>
        <line num="386" count="0" type="stmt"/>
        <line num="395" count="0" type="stmt"/>
        <line num="396" count="0" type="stmt"/>
        <line num="397" count="0" type="stmt"/>
        <line num="398" count="0" type="stmt"/>
        <line num="401" count="0" type="cond" truecount="0" falsecount="2"/>
        <line num="402" count="0" type="stmt"/>
        <line num="406" count="0" type="stmt"/>
        <line num="407" count="0" type="stmt"/>
        <line num="408" count="0" type="stmt"/>
        <line num="409" count="0" type="stmt"/>
        <line num="412" count="0" type="cond" truecount="0" falsecount="2"/>
        <line num="413" count="0" type="stmt"/>
        <line num="417" count="0" type="stmt"/>
        <line num="418" count="0" type="stmt"/>
        <line num="419" count="0" type="stmt"/>
        <line num="420" count="0" type="cond" truecount="0" falsecount="2"/>
        <line num="421" count="0" type="stmt"/>
        <line num="425" count="0" type="stmt"/>
        <line num="433" count="0" type="stmt"/>
        <line num="434" count="0" type="stmt"/>
        <line num="435" count="0" type="stmt"/>
        <line num="436" count="0" type="stmt"/>
        <line num="437" count="0" type="stmt"/>
        <line num="443" count="3" type="stmt"/>
        <line num="444" count="0" type="stmt"/>
        <line num="445" count="0" type="stmt"/>
        <line num="446" count="0" type="stmt"/>
        <line num="447" count="0" type="stmt"/>
        <line num="453" count="3" type="cond" truecount="1" falsecount="1"/>
        <line num="454" count="0" type="stmt"/>
        <line num="455" count="0" type="stmt"/>
      </file>
    </package>
    <package name="src.domain">
      <metrics statements="147" coveredstatements="131" conditionals="60" coveredconditionals="44" methods="32" coveredmethods="19"/>
      <file name="math2d.ts" path="/home/saitcho/zzyix/apps/server/src/domain/math2d.ts">
        <metrics statements="28" coveredstatements="22" conditionals="4" coveredconditionals="1" methods="16" coveredmethods="7"/>
        <line num="3" count="2661" type="stmt"/>
        <line num="5" count="4" type="stmt"/>
        <line num="6" count="341" type="stmt"/>
        <line num="7" count="4" type="stmt"/>
        <line num="9" count="1835" type="stmt"/>
        <line num="10" count="252" type="stmt"/>
        <line num="11" count="4" type="stmt"/>
        <line num="13" count="4" type="stmt"/>
        <line num="14" count="218" type="stmt"/>
        <line num="15" count="218" type="cond" truecount="1" falsecount="1"/>
        <line num="16" count="218" type="stmt"/>
        <line num="19" count="218" type="stmt"/>
        <line num="21" count="4" type="stmt"/>
        <line num="22" count="736" type="stmt"/>
        <line num="23" count="736" type="stmt"/>
        <line num="24" count="736" type="stmt"/>
        <line num="27" count="4" type="stmt"/>
        <line num="29" count="4" type="stmt"/>
        <line num="31" count="4" type="stmt"/>
        <line num="32" count="0" type="stmt"/>
        <line num="34" count="4" type="stmt"/>
        <line num="35" count="0" type="stmt"/>
        <line num="36" count="0" type="cond" truecount="0" falsecount="2"/>
        <line num="37" count="0" type="stmt"/>
        <line num="40" count="4" type="stmt"/>
        <line num="42" count="4" type="stmt"/>
        <line num="43" count="0" type="stmt"/>
        <line num="44" count="0" type="stmt"/>
      </file>
      <file name="placementSolver.ts" path="/home/saitcho/zzyix/apps/server/src/domain/placementSolver.ts">
        <metrics statements="95" coveredstatements="89" conditionals="54" coveredconditionals="42" methods="7" coveredmethods="6"/>
        <line num="54" count="4" type="stmt"/>
        <line num="56" count="4" type="stmt"/>
        <line num="57" count="32" type="stmt"/>
        <line num="58" count="32" type="stmt"/>
        <line num="59" count="32" type="cond" truecount="1" falsecount="1"/>
        <line num="60" count="32" type="stmt"/>
        <line num="61" count="32" type="stmt"/>
        <line num="68" count="4" type="stmt"/>
        <line num="69" count="1" type="stmt"/>
        <line num="70" count="1" type="stmt"/>
        <line num="71" count="4" type="stmt"/>
        <line num="72" count="16" type="stmt"/>
        <line num="73" count="16" type="cond" truecount="2" falsecount="0"/>
        <line num="76" count="1" type="stmt"/>
        <line num="77" count="4" type="stmt"/>
        <line num="78" count="16" type="stmt"/>
        <line num="79" count="16" type="cond" truecount="1" falsecount="1"/>
        <line num="82" count="1" type="stmt"/>
        <line num="85" count="4" type="stmt"/>
        <line num="86" count="436" type="stmt"/>
        <line num="87" count="436" type="stmt"/>
        <line num="88" count="436" type="stmt"/>
        <line num="89" count="1308" type="stmt"/>
        <line num="90" count="1308" type="cond" truecount="2" falsecount="0"/>
        <line num="91" count="1308" type="cond" truecount="2" falsecount="0"/>
        <line num="93" count="436" type="stmt"/>
        <line num="96" count="4" type="stmt"/>
        <line num="97" count="28" type="stmt"/>
        <line num="98" count="28" type="stmt"/>
        <line num="99" count="28" type="stmt"/>
        <line num="101" count="28" type="stmt"/>
        <line num="102" count="55" type="stmt"/>
        <line num="103" count="218" type="stmt"/>
        <line num="104" count="218" type="stmt"/>
        <line num="105" count="218" type="stmt"/>
        <line num="106" count="218" type="stmt"/>
        <line num="108" count="218" type="stmt"/>
        <line num="109" count="218" type="stmt"/>
        <line num="110" count="218" type="stmt"/>
        <line num="112" count="218" type="cond" truecount="2" falsecount="0"/>
        <line num="113" count="1" type="stmt"/>
        <line num="120" count="217" type="cond" truecount="2" falsecount="0"/>
        <line num="121" count="29" type="stmt"/>
        <line num="122" count="29" type="stmt"/>
        <line num="127" count="27" type="stmt"/>
        <line num="134" count="4" type="stmt"/>
        <line num="135" count="63" type="stmt"/>
        <line num="136" count="63" type="stmt"/>
        <line num="137" count="63" type="stmt"/>
        <line num="138" count="63" type="stmt"/>
        <line num="140" count="63" type="stmt"/>
        <line num="141" count="252" type="cond" truecount="2" falsecount="0"/>
        <line num="142" count="252" type="cond" truecount="2" falsecount="0"/>
        <line num="143" count="252" type="cond" truecount="2" falsecount="0"/>
        <line num="144" count="252" type="cond" truecount="2" falsecount="0"/>
        <line num="147" count="63" type="stmt"/>
        <line num="152" count="63" type="cond" truecount="2" falsecount="0"/>
        <line num="155" count="4" type="stmt"/>
        <line num="161" count="63" type="stmt"/>
        <line num="163" count="63" type="stmt"/>
        <line num="164" count="63" type="cond" truecount="2" falsecount="0"/>
        <line num="165" count="2" type="stmt"/>
        <line num="166" count="2" type="stmt"/>
        <line num="175" count="61" type="stmt"/>
        <line num="176" count="61" type="stmt"/>
        <line num="178" count="61" type="stmt"/>
        <line num="179" count="28" type="stmt"/>
        <line num="180" count="28" type="stmt"/>
        <line num="181" count="28" type="stmt"/>
        <line num="182" count="28" type="stmt"/>
        <line num="183" count="28" type="cond" truecount="2" falsecount="0"/>
        <line num="184" count="27" type="stmt"/>
        <line num="185" count="27" type="cond" truecount="2" falsecount="0"/>
        <line num="186" count="27" type="stmt"/>
        <line num="187" count="27" type="cond" truecount="1" falsecount="1"/>
        <line num="188" count="27" type="stmt"/>
        <line num="189" count="27" type="stmt"/>
        <line num="196" count="61" type="cond" truecount="2" falsecount="0"/>
        <line num="197" count="27" type="stmt"/>
        <line num="208" count="34" type="cond" truecount="2" falsecount="0"/>
        <line num="209" count="1" type="stmt"/>
        <line num="211" count="1" type="stmt"/>
        <line num="212" count="1" type="stmt"/>
        <line num="213" count="1" type="stmt"/>
        <line num="214" count="1" type="cond" truecount="1" falsecount="1"/>
        <line num="217" count="1" type="cond" truecount="1" falsecount="1"/>
        <line num="218" count="0" type="stmt"/>
        <line num="228" count="34" type="stmt"/>
        <line num="237" count="4" type="stmt"/>
        <line num="246" count="0" type="stmt"/>
        <line num="252" count="0" type="stmt"/>
        <line num="253" count="0" type="stmt"/>
        <line num="254" count="0" type="stmt"/>
        <line num="256" count="0" type="stmt"/>
        <line num="266" count="4" type="stmt"/>
      </file>
      <file name="tileGeometry.ts" path="/home/saitcho/zzyix/apps/server/src/domain/tileGeometry.ts">
        <metrics statements="24" coveredstatements="20" conditionals="2" coveredconditionals="1" methods="9" coveredmethods="6"/>
        <line num="21" count="4" type="stmt"/>
        <line num="23" count="4" type="stmt"/>
        <line num="30" count="4" type="stmt"/>
        <line num="37" count="4" type="stmt"/>
        <line num="43" count="4" type="stmt"/>
        <line num="52" count="4" type="stmt"/>
        <line num="84" count="4" type="stmt"/>
        <line num="86" count="4" type="stmt"/>
        <line num="87" count="736" type="cond" truecount="1" falsecount="1"/>
        <line num="88" count="736" type="stmt"/>
        <line num="89" count="736" type="stmt"/>
        <line num="92" count="92" type="stmt"/>
        <line num="94" count="4" type="stmt"/>
        <line num="95" count="736" type="stmt"/>
        <line num="97" count="4" type="stmt"/>
        <line num="98" count="92" type="stmt"/>
        <line num="99" count="92" type="stmt"/>
        <line num="101" count="92" type="stmt"/>
        <line num="105" count="4" type="stmt"/>
        <line num="106" count="0" type="stmt"/>
        <line num="107" count="0" type="stmt"/>
        <line num="111" count="4" type="stmt"/>
        <line num="112" count="0" type="stmt"/>
        <line num="113" count="0" type="stmt"/>
      </file>
    </package>
  </project>
</coverage>
